Viktor_Rykov has been hired to admin level 10 by Rick_West.
Admin None has changed None's admin name to RicklesJ.
[12/5/2016 - 23:22] Admin RicklesJ has set RicklesJ's skin to 120 (was 299).
[12/5/2016 - 23:22] Admin RicklesJ has set RicklesJ's skin to 102 (was 299).
Admin None has changed None's admin name to Corzo.
[12/5/2016 - 23:26] Admin Corzo has set Corzo's virtual world to 1
[12/5/2016 - 23:26] Admin Corzo has set Corzo's virtual world to 2
[12/5/2016 - 23:26] Admin Corzo has set Corzo's virtual world to 3
[12/5/2016 - 23:27] Admin Corzo has set Corzo's virtual world to 0
RicklesJ has been promoted to admin level 59 by Corzo.
RicklesJ has been promoted to admin level 69 by Corzo.
[12/5/2016 - 23:28] Admin Corzo has set RicklesJ's group to 11 (Los Santos Transport) [was 0].
[12/5/2016 - 23:29] Admin Corzo has set Corzo's group to 11 (Los Santos Transport) [was 0].
[12/5/2016 - 23:29] Admin RicklesJ has set RicklesJ's skin to 14 (was 299).
[12/5/2016 - 23:29] Admin RicklesJ has set RicklesJ's skin to 140 (was 299).
[12/5/2016 - 23:30] Admin Corzo has set Corzo's group rank to 6 (was 0).
[12/5/2016 - 23:36] Admin Corzo has set RicklesJ's skin to 2 (was 299).
[12/5/2016 - 23:36] Admin Corzo has set Corzo's skin to 2 (was 299).
[12/5/2016 - 23:36] Admin Corzo has set Corzo's skin to 7 (was 299).
[12/5/2016 - 23:36] Admin Corzo has set Corzo's skin to 7 (was 299).
[12/5/2016 - 23:36] Admin Corzo has set Corzo's skin to 9 (was 299).
[12/5/2016 - 23:36] Admin Viktor_Rykov has set Viktor_Rykov's skin to 200 (was 299).
[12/5/2016 - 23:37] Admin Viktor_Rykov has set Viktor_Rykov's virtual world to 12
[12/5/2016 - 23:37] Admin Corzo has set Viktor_Rykov's interior to 1
[12/5/2016 - 23:37] Admin Corzo has set Viktor_Rykov's interior to 0
[12/5/2016 - 23:37] Admin Corzo has set Viktor_Rykov's interior to 2
[12/5/2016 - 23:37] Admin Corzo has set Viktor_Rykov's interior to 3
[12/5/2016 - 23:37] Admin Corzo has set Viktor_Rykov's interior to 4
[12/5/2016 - 23:37] Admin Viktor_Rykov has set Viktor_Rykov's virtual world to 120
[12/5/2016 - 23:37] Admin Corzo has set Viktor_Rykov's interior to 0
[12/5/2016 - 23:37] Admin Viktor_Rykov has set Viktor_Rykov's virtual world to 0
Admin Corzo has changed Rick_West's admin name to DicklesJ.
Rick_East has been removed from the admin team by Rick_West.
Rick_East has been hired to admin level 69 by Rick_West.
[13/5/2016 - 0:0] Admin Rick_West has set Rick_West's health to 1
[13/5/2016 - 0:0] Admin Rick_West has set Rick_West's armour to 1
